2022-09-21 18:10:31,451 - darts - INFO - Final eval (epoch: 0). Domain: 0 
Test: acc1 0.000000 (0.093875)  loss 2.316236 (2.304823)
2022-09-21 18:10:31,451 - darts - INFO - Final eval. Avg Domain. 
Test: 0.09387450199203187
2022-09-21 18:10:31,683 - darts - INFO - Epoch [1/100] Step [1/10], Seed:[0], Domain: 0
Train: acc1 0.000000 (0.000000)  loss 2.325967 (2.325967)
Valid: acc1 0.062500 (0.062500)  loss 2.317809 (2.317809)
2022-09-21 18:10:33,676 - darts - INFO - Epoch [2/100] Step [1/10], Seed:[1], Domain: 0
Train: acc1 0.062500 (0.062500)  loss 2.303814 (2.303814)
Valid: acc1 0.125000 (0.125000)  loss 2.308921 (2.308921)
2022-09-21 18:10:35,671 - darts - INFO - Epoch [3/100] Step [1/10], Seed:[2], Domain: 0
Train: acc1 0.125000 (0.125000)  loss 2.320639 (2.320639)
Valid: acc1 0.125000 (0.125000)  loss 2.320604 (2.320604)
2022-09-21 18:10:37,658 - darts - INFO - Epoch [4/100] Step [1/10], Seed:[3], Domain: 0
Train: acc1 0.250000 (0.250000)  loss 2.181877 (2.181877)
Valid: acc1 0.125000 (0.125000)  loss 2.328366 (2.328366)
2022-09-21 18:10:39,638 - darts - INFO - Epoch [5/100] Step [1/10], Seed:[4], Domain: 0
Train: acc1 0.250000 (0.250000)  loss 2.243196 (2.243196)
Valid: acc1 0.125000 (0.125000)  loss 2.262697 (2.262697)
2022-09-21 18:10:41,627 - darts - INFO - Epoch [6/100] Step [1/10], Seed:[5], Domain: 0
Train: acc1 0.125000 (0.125000)  loss 2.177777 (2.177777)
Valid: acc1 0.062500 (0.062500)  loss 2.354830 (2.354830)
2022-09-21 18:10:43,618 - darts - INFO - Epoch [7/100] Step [1/10], Seed:[6], Domain: 0
Train: acc1 0.125000 (0.125000)  loss 2.206990 (2.206990)
Valid: acc1 0.125000 (0.125000)  loss 2.198855 (2.198855)
2022-09-21 18:10:45,614 - darts - INFO - Epoch [8/100] Step [1/10], Seed:[7], Domain: 0
Train: acc1 0.125000 (0.125000)  loss 2.266509 (2.266509)
Valid: acc1 0.187500 (0.187500)  loss 2.258708 (2.258708)
2022-09-21 18:10:47,606 - darts - INFO - Epoch [9/100] Step [1/10], Seed:[8], Domain: 0
Train: acc1 0.250000 (0.250000)  loss 2.168596 (2.168596)
Valid: acc1 0.125000 (0.125000)  loss 2.265089 (2.265089)
2022-09-21 18:10:49,599 - darts - INFO - Epoch [10/100] Step [1/10], Seed:[9], Domain: 0
Train: acc1 0.187500 (0.187500)  loss 2.207356 (2.207356)
Valid: acc1 0.125000 (0.125000)  loss 2.326805 (2.326805)
2022-09-21 18:11:00,440 - darts - INFO - Final eval (epoch: 10). Domain: 0 
Test: acc1 0.125000 (0.042082)  loss 2.338334 (2.415686)
2022-09-21 18:11:00,441 - darts - INFO - Final eval. Avg Domain. 
Test: 0.042081673306772906
2022-09-21 18:11:00,663 - darts - INFO - Epoch [11/100] Step [1/10], Seed:[10], Domain: 0
Train: acc1 0.250000 (0.250000)  loss 2.193802 (2.193802)
Valid: acc1 0.187500 (0.187500)  loss 2.360870 (2.360870)
2022-09-21 18:11:02,644 - darts - INFO - Epoch [12/100] Step [1/10], Seed:[11], Domain: 0
Train: acc1 0.062500 (0.062500)  loss 2.334537 (2.334537)
Valid: acc1 0.125000 (0.125000)  loss 2.239943 (2.239943)
2022-09-21 18:11:04,623 - darts - INFO - Epoch [13/100] Step [1/10], Seed:[12], Domain: 0
Train: acc1 0.125000 (0.125000)  loss 2.320688 (2.320688)
Valid: acc1 0.250000 (0.250000)  loss 2.098819 (2.098819)
2022-09-21 18:11:06,605 - darts - INFO - Epoch [14/100] Step [1/10], Seed:[13], Domain: 0
Train: acc1 0.187500 (0.187500)  loss 2.338986 (2.338986)
Valid: acc1 0.000000 (0.000000)  loss 2.424804 (2.424804)
2022-09-21 18:11:08,584 - darts - INFO - Epoch [15/100] Step [1/10], Seed:[14], Domain: 0
Train: acc1 0.187500 (0.187500)  loss 2.243552 (2.243552)
Valid: acc1 0.125000 (0.125000)  loss 2.332443 (2.332443)
2022-09-21 18:11:10,570 - darts - INFO - Epoch [16/100] Step [1/10], Seed:[15], Domain: 0
Train: acc1 0.125000 (0.125000)  loss 2.266202 (2.266202)
Valid: acc1 0.062500 (0.062500)  loss 2.318671 (2.318671)
2022-09-21 18:11:12,552 - darts - INFO - Epoch [17/100] Step [1/10], Seed:[16], Domain: 0
Train: acc1 0.125000 (0.125000)  loss 2.162112 (2.162112)
Valid: acc1 0.062500 (0.062500)  loss 2.230045 (2.230045)
2022-09-21 18:11:14,548 - darts - INFO - Epoch [18/100] Step [1/10], Seed:[17], Domain: 0
Train: acc1 0.250000 (0.250000)  loss 2.225307 (2.225307)
Valid: acc1 0.250000 (0.250000)  loss 2.219049 (2.219049)
2022-09-21 18:11:16,538 - darts - INFO - Epoch [19/100] Step [1/10], Seed:[18], Domain: 0
Train: acc1 0.062500 (0.062500)  loss 2.349586 (2.349586)
Valid: acc1 0.125000 (0.125000)  loss 2.249224 (2.249224)
2022-09-21 18:11:18,532 - darts - INFO - Epoch [20/100] Step [1/10], Seed:[19], Domain: 0
Train: acc1 0.187500 (0.187500)  loss 2.215368 (2.215368)
Valid: acc1 0.312500 (0.312500)  loss 2.097700 (2.097700)
2022-09-21 18:11:29,454 - darts - INFO - Final eval (epoch: 20). Domain: 0 
Test: acc1 0.000000 (0.053536)  loss 2.432914 (2.442020)
2022-09-21 18:11:29,455 - darts - INFO - Final eval. Avg Domain. 
Test: 0.05353585657370518
2022-09-21 18:11:29,678 - darts - INFO - Epoch [21/100] Step [1/10], Seed:[20], Domain: 0
Train: acc1 0.187500 (0.187500)  loss 2.243998 (2.243998)
Valid: acc1 0.125000 (0.125000)  loss 2.107473 (2.107473)
2022-09-21 18:11:31,670 - darts - INFO - Epoch [22/100] Step [1/10], Seed:[21], Domain: 0
Train: acc1 0.250000 (0.250000)  loss 2.020261 (2.020261)
Valid: acc1 0.187500 (0.187500)  loss 2.134422 (2.134422)
2022-09-21 18:11:33,659 - darts - INFO - Epoch [23/100] Step [1/10], Seed:[22], Domain: 0
Train: acc1 0.437500 (0.437500)  loss 2.083740 (2.083740)
Valid: acc1 0.125000 (0.125000)  loss 2.208674 (2.208674)
2022-09-21 18:11:35,649 - darts - INFO - Epoch [24/100] Step [1/10], Seed:[23], Domain: 0
Train: acc1 0.187500 (0.187500)  loss 2.210850 (2.210850)
Valid: acc1 0.125000 (0.125000)  loss 2.361680 (2.361680)
2022-09-21 18:11:37,641 - darts - INFO - Epoch [25/100] Step [1/10], Seed:[24], Domain: 0
Train: acc1 0.250000 (0.250000)  loss 2.171565 (2.171565)
Valid: acc1 0.187500 (0.187500)  loss 2.215744 (2.215744)
2022-09-21 18:11:39,633 - darts - INFO - Epoch [26/100] Step [1/10], Seed:[25], Domain: 0
Train: acc1 0.062500 (0.062500)  loss 2.229453 (2.229453)
Valid: acc1 0.187500 (0.187500)  loss 2.202050 (2.202050)
2022-09-21 18:11:41,624 - darts - INFO - Epoch [27/100] Step [1/10], Seed:[26], Domain: 0
Train: acc1 0.312500 (0.312500)  loss 2.188474 (2.188474)
Valid: acc1 0.250000 (0.250000)  loss 2.039183 (2.039183)
2022-09-21 18:11:43,615 - darts - INFO - Epoch [28/100] Step [1/10], Seed:[27], Domain: 0
Train: acc1 0.312500 (0.312500)  loss 2.060097 (2.060097)
Valid: acc1 0.312500 (0.312500)  loss 2.236390 (2.236390)
2022-09-21 18:11:45,617 - darts - INFO - Epoch [29/100] Step [1/10], Seed:[28], Domain: 0
Train: acc1 0.187500 (0.187500)  loss 2.262217 (2.262217)
Valid: acc1 0.062500 (0.062500)  loss 2.165888 (2.165888)
2022-09-21 18:11:47,611 - darts - INFO - Epoch [30/100] Step [1/10], Seed:[29], Domain: 0
Train: acc1 0.125000 (0.125000)  loss 2.225969 (2.225969)
Valid: acc1 0.125000 (0.125000)  loss 2.170017 (2.170017)
2022-09-21 18:11:58,493 - darts - INFO - Final eval (epoch: 30). Domain: 0 
Test: acc1 0.125000 (0.061504)  loss 2.405943 (2.429924)
2022-09-21 18:11:58,493 - darts - INFO - Final eval. Avg Domain. 
Test: 0.06150398406374502
2022-09-21 18:11:58,714 - darts - INFO - Epoch [31/100] Step [1/10], Seed:[30], Domain: 0
Train: acc1 0.250000 (0.250000)  loss 2.276869 (2.276869)
Valid: acc1 0.187500 (0.187500)  loss 2.177293 (2.177293)
2022-09-21 18:12:00,699 - darts - INFO - Epoch [32/100] Step [1/10], Seed:[31], Domain: 0
Train: acc1 0.437500 (0.437500)  loss 2.035181 (2.035181)
Valid: acc1 0.187500 (0.187500)  loss 2.257270 (2.257270)
2022-09-21 18:12:02,694 - darts - INFO - Epoch [33/100] Step [1/10], Seed:[32], Domain: 0
Train: acc1 0.187500 (0.187500)  loss 2.283857 (2.283857)
Valid: acc1 0.437500 (0.437500)  loss 1.979682 (1.979682)
2022-09-21 18:12:04,696 - darts - INFO - Epoch [34/100] Step [1/10], Seed:[33], Domain: 0
Train: acc1 0.062500 (0.062500)  loss 2.161623 (2.161623)
Valid: acc1 0.312500 (0.312500)  loss 2.192430 (2.192430)
2022-09-21 18:12:06,698 - darts - INFO - Epoch [35/100] Step [1/10], Seed:[34], Domain: 0
Train: acc1 0.187500 (0.187500)  loss 2.305035 (2.305035)
Valid: acc1 0.312500 (0.312500)  loss 2.063620 (2.063620)
2022-09-21 18:12:08,702 - darts - INFO - Epoch [36/100] Step [1/10], Seed:[35], Domain: 0
Train: acc1 0.125000 (0.125000)  loss 2.243343 (2.243343)
Valid: acc1 0.187500 (0.187500)  loss 2.610963 (2.610963)
2022-09-21 18:12:10,706 - darts - INFO - Epoch [37/100] Step [1/10], Seed:[36], Domain: 0
Train: acc1 0.187500 (0.187500)  loss 2.229280 (2.229280)
Valid: acc1 0.187500 (0.187500)  loss 2.208257 (2.208257)
2022-09-21 18:12:12,713 - darts - INFO - Epoch [38/100] Step [1/10], Seed:[37], Domain: 0
Train: acc1 0.250000 (0.250000)  loss 2.142578 (2.142578)
Valid: acc1 0.062500 (0.062500)  loss 2.195363 (2.195363)
2022-09-21 18:12:14,717 - darts - INFO - Epoch [39/100] Step [1/10], Seed:[38], Domain: 0
Train: acc1 0.250000 (0.250000)  loss 2.064583 (2.064583)
Valid: acc1 0.125000 (0.125000)  loss 2.142438 (2.142438)
2022-09-21 18:12:16,721 - darts - INFO - Epoch [40/100] Step [1/10], Seed:[39], Domain: 0
Train: acc1 0.000000 (0.000000)  loss 2.248726 (2.248726)
Valid: acc1 0.312500 (0.312500)  loss 2.073045 (2.073045)
2022-09-21 18:12:27,730 - darts - INFO - Final eval (epoch: 40). Domain: 0 
Test: acc1 0.062500 (0.098357)  loss 2.479244 (2.469686)
2022-09-21 18:12:27,730 - darts - INFO - Final eval. Avg Domain. 
Test: 0.09835657370517928
2022-09-21 18:12:27,955 - darts - INFO - Epoch [41/100] Step [1/10], Seed:[40], Domain: 0
Train: acc1 0.187500 (0.187500)  loss 2.175949 (2.175949)
Valid: acc1 0.375000 (0.375000)  loss 2.013425 (2.013425)
2022-09-21 18:12:29,964 - darts - INFO - Epoch [42/100] Step [1/10], Seed:[41], Domain: 0
Train: acc1 0.375000 (0.375000)  loss 1.898309 (1.898309)
Valid: acc1 0.187500 (0.187500)  loss 2.233658 (2.233658)
2022-09-21 18:12:31,970 - darts - INFO - Epoch [43/100] Step [1/10], Seed:[42], Domain: 0
Train: acc1 0.375000 (0.375000)  loss 2.110332 (2.110332)
Valid: acc1 0.250000 (0.250000)  loss 2.287866 (2.287866)
2022-09-21 18:12:33,976 - darts - INFO - Epoch [44/100] Step [1/10], Seed:[43], Domain: 0
Train: acc1 0.187500 (0.187500)  loss 2.191769 (2.191769)
Valid: acc1 0.187500 (0.187500)  loss 2.119226 (2.119226)
2022-09-21 18:12:35,984 - darts - INFO - Epoch [45/100] Step [1/10], Seed:[44], Domain: 0
Train: acc1 0.062500 (0.062500)  loss 2.320333 (2.320333)
Valid: acc1 0.187500 (0.187500)  loss 2.297120 (2.297120)
2022-09-21 18:12:37,990 - darts - INFO - Epoch [46/100] Step [1/10], Seed:[45], Domain: 0
Train: acc1 0.125000 (0.125000)  loss 2.236370 (2.236370)
Valid: acc1 0.125000 (0.125000)  loss 2.098380 (2.098380)
2022-09-21 18:12:39,997 - darts - INFO - Epoch [47/100] Step [1/10], Seed:[46], Domain: 0
Train: acc1 0.312500 (0.312500)  loss 2.047332 (2.047332)
Valid: acc1 0.062500 (0.062500)  loss 2.499711 (2.499711)
2022-09-21 18:12:42,001 - darts - INFO - Epoch [48/100] Step [1/10], Seed:[47], Domain: 0
Train: acc1 0.187500 (0.187500)  loss 2.171068 (2.171068)
Valid: acc1 0.125000 (0.125000)  loss 2.293039 (2.293039)
2022-09-21 18:12:44,008 - darts - INFO - Epoch [49/100] Step [1/10], Seed:[48], Domain: 0
Train: acc1 0.125000 (0.125000)  loss 2.198406 (2.198406)
Valid: acc1 0.125000 (0.125000)  loss 2.257857 (2.257857)
2022-09-21 18:12:46,016 - darts - INFO - Epoch [50/100] Step [1/10], Seed:[49], Domain: 0
Train: acc1 0.187500 (0.187500)  loss 2.178537 (2.178537)
Valid: acc1 0.250000 (0.250000)  loss 2.128850 (2.128850)
2022-09-21 18:12:57,042 - darts - INFO - Final eval (epoch: 50). Domain: 0 
Test: acc1 0.125000 (0.069472)  loss 2.447603 (2.490274)
2022-09-21 18:12:57,042 - darts - INFO - Final eval. Avg Domain. 
Test: 0.06947211155378485
2022-09-21 18:12:57,270 - darts - INFO - Epoch [51/100] Step [1/10], Seed:[50], Domain: 0
Train: acc1 0.312500 (0.312500)  loss 2.157937 (2.157937)
Valid: acc1 0.125000 (0.125000)  loss 2.203100 (2.203100)
2022-09-21 18:12:59,280 - darts - INFO - Epoch [52/100] Step [1/10], Seed:[51], Domain: 0
Train: acc1 0.312500 (0.312500)  loss 2.137103 (2.137103)
Valid: acc1 0.250000 (0.250000)  loss 2.200251 (2.200251)
2022-09-21 18:13:01,292 - darts - INFO - Epoch [53/100] Step [1/10], Seed:[52], Domain: 0
Train: acc1 0.312500 (0.312500)  loss 1.923899 (1.923899)
Valid: acc1 0.250000 (0.250000)  loss 2.213146 (2.213146)
2022-09-21 18:13:03,300 - darts - INFO - Epoch [54/100] Step [1/10], Seed:[53], Domain: 0
Train: acc1 0.125000 (0.125000)  loss 2.272762 (2.272762)
Valid: acc1 0.187500 (0.187500)  loss 2.261102 (2.261102)
2022-09-21 18:13:05,305 - darts - INFO - Epoch [55/100] Step [1/10], Seed:[54], Domain: 0
Train: acc1 0.312500 (0.312500)  loss 2.151206 (2.151206)
Valid: acc1 0.312500 (0.312500)  loss 2.184567 (2.184567)
2022-09-21 18:13:07,316 - darts - INFO - Epoch [56/100] Step [1/10], Seed:[55], Domain: 0
Train: acc1 0.187500 (0.187500)  loss 2.068955 (2.068955)
Valid: acc1 0.062500 (0.062500)  loss 2.303118 (2.303118)
2022-09-21 18:13:09,326 - darts - INFO - Epoch [57/100] Step [1/10], Seed:[56], Domain: 0
Train: acc1 0.187500 (0.187500)  loss 2.039530 (2.039530)
Valid: acc1 0.187500 (0.187500)  loss 2.304647 (2.304647)
2022-09-21 18:13:11,334 - darts - INFO - Epoch [58/100] Step [1/10], Seed:[57], Domain: 0
Train: acc1 0.125000 (0.125000)  loss 2.267642 (2.267642)
Valid: acc1 0.500000 (0.500000)  loss 2.020281 (2.020281)
2022-09-21 18:13:13,341 - darts - INFO - Epoch [59/100] Step [1/10], Seed:[58], Domain: 0
Train: acc1 0.312500 (0.312500)  loss 2.125815 (2.125815)
Valid: acc1 0.437500 (0.437500)  loss 2.015179 (2.015179)
2022-09-21 18:13:15,349 - darts - INFO - Epoch [60/100] Step [1/10], Seed:[59], Domain: 0
Train: acc1 0.187500 (0.187500)  loss 2.189523 (2.189523)
Valid: acc1 0.125000 (0.125000)  loss 2.241615 (2.241615)
2022-09-21 18:13:26,379 - darts - INFO - Final eval (epoch: 60). Domain: 0 
Test: acc1 0.062500 (0.075448)  loss 2.376405 (2.502856)
2022-09-21 18:13:26,380 - darts - INFO - Final eval. Avg Domain. 
Test: 0.07544820717131474
2022-09-21 18:13:26,604 - darts - INFO - Epoch [61/100] Step [1/10], Seed:[60], Domain: 0
Train: acc1 0.312500 (0.312500)  loss 1.942861 (1.942861)
Valid: acc1 0.125000 (0.125000)  loss 2.298912 (2.298912)
2022-09-21 18:13:28,610 - darts - INFO - Epoch [62/100] Step [1/10], Seed:[61], Domain: 0
Train: acc1 0.437500 (0.437500)  loss 1.976671 (1.976671)
Valid: acc1 0.062500 (0.062500)  loss 2.426175 (2.426175)
2022-09-21 18:13:30,615 - darts - INFO - Epoch [63/100] Step [1/10], Seed:[62], Domain: 0
Train: acc1 0.437500 (0.437500)  loss 1.958110 (1.958110)
Valid: acc1 0.312500 (0.312500)  loss 2.222474 (2.222474)
2022-09-21 18:13:32,618 - darts - INFO - Epoch [64/100] Step [1/10], Seed:[63], Domain: 0
Train: acc1 0.437500 (0.437500)  loss 2.124930 (2.124930)
Valid: acc1 0.375000 (0.375000)  loss 2.395075 (2.395075)
2022-09-21 18:13:34,623 - darts - INFO - Epoch [65/100] Step [1/10], Seed:[64], Domain: 0
Train: acc1 0.312500 (0.312500)  loss 2.044091 (2.044091)
Valid: acc1 0.187500 (0.187500)  loss 2.108221 (2.108221)
2022-09-21 18:13:36,628 - darts - INFO - Epoch [66/100] Step [1/10], Seed:[65], Domain: 0
Train: acc1 0.375000 (0.375000)  loss 2.078885 (2.078885)
Valid: acc1 0.062500 (0.062500)  loss 2.302463 (2.302463)
2022-09-21 18:13:38,629 - darts - INFO - Epoch [67/100] Step [1/10], Seed:[66], Domain: 0
Train: acc1 0.125000 (0.125000)  loss 2.194737 (2.194737)
Valid: acc1 0.187500 (0.187500)  loss 2.030941 (2.030941)
2022-09-21 18:13:40,633 - darts - INFO - Epoch [68/100] Step [1/10], Seed:[67], Domain: 0
Train: acc1 0.375000 (0.375000)  loss 2.111944 (2.111944)
Valid: acc1 0.187500 (0.187500)  loss 2.269881 (2.269881)
2022-09-21 18:13:42,609 - darts - INFO - Epoch [69/100] Step [1/10], Seed:[68], Domain: 0
Train: acc1 0.375000 (0.375000)  loss 2.067770 (2.067770)
Valid: acc1 0.062500 (0.062500)  loss 2.233989 (2.233989)
2022-09-21 18:13:44,589 - darts - INFO - Epoch [70/100] Step [1/10], Seed:[69], Domain: 0
Train: acc1 0.000000 (0.000000)  loss 2.236112 (2.236112)
Valid: acc1 0.187500 (0.187500)  loss 2.128399 (2.128399)
2022-09-21 18:13:55,314 - darts - INFO - Final eval (epoch: 70). Domain: 0 
Test: acc1 0.187500 (0.075697)  loss 2.441557 (2.504848)
2022-09-21 18:13:55,314 - darts - INFO - Final eval. Avg Domain. 
Test: 0.07569721115537849
2022-09-21 18:13:55,536 - darts - INFO - Epoch [71/100] Step [1/10], Seed:[70], Domain: 0
Train: acc1 0.312500 (0.312500)  loss 2.028478 (2.028478)
Valid: acc1 0.062500 (0.062500)  loss 2.234287 (2.234287)
2022-09-21 18:13:57,523 - darts - INFO - Epoch [72/100] Step [1/10], Seed:[71], Domain: 0
Train: acc1 0.062500 (0.062500)  loss 2.254496 (2.254496)
Valid: acc1 0.125000 (0.125000)  loss 2.169484 (2.169484)
2022-09-21 18:13:59,503 - darts - INFO - Epoch [73/100] Step [1/10], Seed:[72], Domain: 0
Train: acc1 0.312500 (0.312500)  loss 2.075351 (2.075351)
Valid: acc1 0.125000 (0.125000)  loss 2.223011 (2.223011)
2022-09-21 18:14:01,485 - darts - INFO - Epoch [74/100] Step [1/10], Seed:[73], Domain: 0
Train: acc1 0.125000 (0.125000)  loss 2.288049 (2.288049)
Valid: acc1 0.125000 (0.125000)  loss 2.188727 (2.188727)
2022-09-21 18:14:03,464 - darts - INFO - Epoch [75/100] Step [1/10], Seed:[74], Domain: 0
Train: acc1 0.312500 (0.312500)  loss 1.950924 (1.950924)
Valid: acc1 0.250000 (0.250000)  loss 2.209646 (2.209646)
2022-09-21 18:14:05,444 - darts - INFO - Epoch [76/100] Step [1/10], Seed:[75], Domain: 0
Train: acc1 0.250000 (0.250000)  loss 2.003260 (2.003260)
Valid: acc1 0.437500 (0.437500)  loss 2.146724 (2.146724)
2022-09-21 18:14:07,421 - darts - INFO - Epoch [77/100] Step [1/10], Seed:[76], Domain: 0
Train: acc1 0.312500 (0.312500)  loss 2.094488 (2.094488)
Valid: acc1 0.187500 (0.187500)  loss 2.165816 (2.165816)
2022-09-21 18:14:09,400 - darts - INFO - Epoch [78/100] Step [1/10], Seed:[77], Domain: 0
Train: acc1 0.312500 (0.312500)  loss 1.875370 (1.875370)
Valid: acc1 0.125000 (0.125000)  loss 2.103487 (2.103487)
2022-09-21 18:14:11,380 - darts - INFO - Epoch [79/100] Step [1/10], Seed:[78], Domain: 0
Train: acc1 0.312500 (0.312500)  loss 2.196525 (2.196525)
Valid: acc1 0.312500 (0.312500)  loss 2.022962 (2.022962)
2022-09-21 18:14:13,362 - darts - INFO - Epoch [80/100] Step [1/10], Seed:[79], Domain: 0
Train: acc1 0.437500 (0.437500)  loss 1.982533 (1.982533)
Valid: acc1 0.187500 (0.187500)  loss 2.069107 (2.069107)
2022-09-21 18:14:24,072 - darts - INFO - Final eval (epoch: 80). Domain: 0 
Test: acc1 0.125000 (0.080428)  loss 2.374100 (2.516582)
2022-09-21 18:14:24,072 - darts - INFO - Final eval. Avg Domain. 
Test: 0.08042828685258964
2022-09-21 18:14:24,294 - darts - INFO - Epoch [81/100] Step [1/10], Seed:[80], Domain: 0
Train: acc1 0.312500 (0.312500)  loss 2.170075 (2.170075)
Valid: acc1 0.250000 (0.250000)  loss 2.026228 (2.026228)
2022-09-21 18:14:26,270 - darts - INFO - Epoch [82/100] Step [1/10], Seed:[81], Domain: 0
Train: acc1 0.312500 (0.312500)  loss 2.050087 (2.050087)
Valid: acc1 0.187500 (0.187500)  loss 2.138832 (2.138832)
2022-09-21 18:14:28,252 - darts - INFO - Epoch [83/100] Step [1/10], Seed:[82], Domain: 0
Train: acc1 0.250000 (0.250000)  loss 2.023391 (2.023391)
Valid: acc1 0.187500 (0.187500)  loss 2.375264 (2.375264)
2022-09-21 18:14:30,231 - darts - INFO - Epoch [84/100] Step [1/10], Seed:[83], Domain: 0
Train: acc1 0.250000 (0.250000)  loss 1.943585 (1.943585)
Valid: acc1 0.125000 (0.125000)  loss 2.273210 (2.273210)
2022-09-21 18:14:32,205 - darts - INFO - Epoch [85/100] Step [1/10], Seed:[84], Domain: 0
Train: acc1 0.250000 (0.250000)  loss 1.900745 (1.900745)
Valid: acc1 0.187500 (0.187500)  loss 1.966380 (1.966380)
2022-09-21 18:14:34,180 - darts - INFO - Epoch [86/100] Step [1/10], Seed:[85], Domain: 0
Train: acc1 0.312500 (0.312500)  loss 2.025640 (2.025640)
Valid: acc1 0.250000 (0.250000)  loss 1.984214 (1.984214)
2022-09-21 18:14:36,155 - darts - INFO - Epoch [87/100] Step [1/10], Seed:[86], Domain: 0
Train: acc1 0.312500 (0.312500)  loss 1.968989 (1.968989)
Valid: acc1 0.250000 (0.250000)  loss 2.078585 (2.078585)
2022-09-21 18:14:38,132 - darts - INFO - Epoch [88/100] Step [1/10], Seed:[87], Domain: 0
Train: acc1 0.312500 (0.312500)  loss 2.165917 (2.165917)
Valid: acc1 0.187500 (0.187500)  loss 2.082110 (2.082110)
2022-09-21 18:14:40,132 - darts - INFO - Epoch [89/100] Step [1/10], Seed:[88], Domain: 0
Train: acc1 0.187500 (0.187500)  loss 2.144532 (2.144532)
Valid: acc1 0.250000 (0.250000)  loss 2.262271 (2.262271)
2022-09-21 18:14:42,122 - darts - INFO - Epoch [90/100] Step [1/10], Seed:[89], Domain: 0
Train: acc1 0.125000 (0.125000)  loss 2.112936 (2.112936)
Valid: acc1 0.125000 (0.125000)  loss 2.151440 (2.151440)
2022-09-21 18:14:53,101 - darts - INFO - Final eval (epoch: 90). Domain: 0 
Test: acc1 0.250000 (0.068476)  loss 2.359634 (2.515681)
2022-09-21 18:14:53,101 - darts - INFO - Final eval. Avg Domain. 
Test: 0.06847609561752988
2022-09-21 18:14:53,325 - darts - INFO - Epoch [91/100] Step [1/10], Seed:[90], Domain: 0
Train: acc1 0.312500 (0.312500)  loss 1.967571 (1.967571)
Valid: acc1 0.062500 (0.062500)  loss 2.166170 (2.166170)
2022-09-21 18:14:55,323 - darts - INFO - Epoch [92/100] Step [1/10], Seed:[91], Domain: 0
Train: acc1 0.125000 (0.125000)  loss 2.208227 (2.208227)
Valid: acc1 0.125000 (0.125000)  loss 2.115886 (2.115886)
2022-09-21 18:14:57,324 - darts - INFO - Epoch [93/100] Step [1/10], Seed:[92], Domain: 0
Train: acc1 0.000000 (0.000000)  loss 2.247283 (2.247283)
Valid: acc1 0.312500 (0.312500)  loss 2.102104 (2.102104)
2022-09-21 18:14:59,387 - darts - INFO - Epoch [94/100] Step [1/10], Seed:[93], Domain: 0
Train: acc1 0.125000 (0.125000)  loss 2.133670 (2.133670)
Valid: acc1 0.312500 (0.312500)  loss 2.122563 (2.122563)
2022-09-21 18:15:01,391 - darts - INFO - Epoch [95/100] Step [1/10], Seed:[94], Domain: 0
Train: acc1 0.312500 (0.312500)  loss 1.974027 (1.974027)
Valid: acc1 0.375000 (0.375000)  loss 2.001610 (2.001610)
2022-09-21 18:15:03,393 - darts - INFO - Epoch [96/100] Step [1/10], Seed:[95], Domain: 0
Train: acc1 0.375000 (0.375000)  loss 2.068833 (2.068833)
Valid: acc1 0.375000 (0.375000)  loss 2.083865 (2.083865)
2022-09-21 18:15:05,397 - darts - INFO - Epoch [97/100] Step [1/10], Seed:[96], Domain: 0
Train: acc1 0.375000 (0.375000)  loss 1.940750 (1.940750)
Valid: acc1 0.250000 (0.250000)  loss 2.332901 (2.332901)
2022-09-21 18:15:07,399 - darts - INFO - Epoch [98/100] Step [1/10], Seed:[97], Domain: 0
Train: acc1 0.187500 (0.187500)  loss 2.152449 (2.152449)
Valid: acc1 0.312500 (0.312500)  loss 2.093833 (2.093833)
2022-09-21 18:15:09,406 - darts - INFO - Epoch [99/100] Step [1/10], Seed:[98], Domain: 0
Train: acc1 0.250000 (0.250000)  loss 2.074562 (2.074562)
Valid: acc1 0.187500 (0.187500)  loss 2.106925 (2.106925)
2022-09-21 18:15:11,411 - darts - INFO - Epoch [100/100] Step [1/10], Seed:[99], Domain: 0
Train: acc1 0.187500 (0.187500)  loss 2.268845 (2.268845)
Valid: acc1 0.250000 (0.250000)  loss 2.202476 (2.202476)
2022-09-21 18:18:56,592 - darts - INFO - Final eval (epoch: None). Domain: 0 
Test: acc1 0.125000 (0.100220)  loss 2.585244 (2.457328)
2022-09-21 18:18:56,592 - darts - INFO - Final eval. Avg Domain. 
Test: 0.10022
